Arguments: 
  D:\workSoftw\nodejs\node.exe D:\workSoftw\nodejs\node_global\node_modules\yarn\bin\yarn.js init

PATH: 
  C:\Program Files (x86)\Common Files\Oracle\Java\javapath;C:\Windows\system32;C:\Windows;C:\Windows\System32\Wbem;C:\Windows\System32\WindowsPowerShell\v1.0\;C:\Windows\System32\OpenSSH\;D:\workSoftw\nodejs\;D:\workSoftw\git\Git\cmd;C:\Program Files\Google\Chrome\Application\chrome.exe;"C:\Program Files\Java\jdk1.8.0_172\bin;C:\Program Files\Java\jdk1.8.0_172\jre\bin";D:\workSoftw\yarn\Data\bin;C:\Users\wyb\AppData\Local\Microsoft\WindowsApps;D:\workSoftw\vscode\Microsoft VS Code\bin;C:\Users\wyb\AppData\Roaming\npm;D:\workSoftw\nodejs\node_global;;D:\workSoftw\IntelliJ IDEA 2019.2.4\bin;

Yarn version: 
  1.22.19

Node version: 
  14.16.1

Platform: 
  win32 x64

Trace: 
  Error: canceled
      at Interface.<anonymous> (D:\workSoftw\nodejs\node_global\node_modules\yarn\lib\cli.js:137150:13)
      at Interface.emit (events.js:315:20)
      at Interface._ttyWrite (readline.js:875:16)
      at ReadStream.onkeypress (readline.js:213:10)
      at ReadStream.emit (events.js:315:20)
      at emitKeys (internal/readline/utils.js:345:14)
      at emitKeys.next (<anonymous>)
      at ReadStream.onData (readline.js:1144:36)
      at ReadStream.emit (events.js:315:20)
      at addChunk (internal/streams/readable.js:309:12)

npm manifest: 
  No manifest

yarn manifest: 
  No manifest

Lockfile: 
  No lockfile
